<?xml version="1.0" encoding="UTF-8"?>
<!-- Generated by org.testng.reporters.JUnitReportReporter -->
<testsuite hostname="abhaysharmaji" failures="0" tests="1" name="Main_test.Hotel_test" time="43.198" errors="0" timestamp="2022-06-19T21:56:13 IST" skipped="0">
  <testcase classname="Main_test.Hotel_test" name="testing_hotel_code" time="43.198"/>
  <system-out/>
</testsuite> <!-- Main_test.Hotel_test -->
